Matplotlib created a temporary config/cache directory at /tmp/matplotlib-224_ngbu because the default path (/home/ubuntu/.config/matplotlib) is not a writable directory; it is highly recommended to set the MPLCONFIGDIR environment variable to a writable directory, in particular to speed up the import of Matplotlib and to better support multiprocessing.
ì˜¨ë¼ì¸ì€ y / ì˜¤í”„ë¼ì¸ì€ ì•„ë¬´í‚¤ë‚˜ : Traceback (most recent call last):
  File "app.py", line 296, in <module>
    start = input('ì˜¨ë¼ì¸ì€ y / ì˜¤í”„ë¼ì¸ì€ ì•„ë¬´í‚¤ë‚˜ : ')
OSError: [Errno 9] Bad file descriptor
Matplotlib created a temporary config/cache directory at /tmp/matplotlib-3swa3rz2 because the default path (/home/ubuntu/.config/matplotlib) is not a writable directory; it is highly recommended to set the MPLCONFIGDIR environment variable to a writable directory, in particular to speed up the import of Matplotlib and to better support multiprocessing.
ì˜¨ë¼ì¸ì€ y / ì˜¤í”„ë¼ì¸ì€ ì•„ë¬´í‚¤ë‚˜ : Traceback (most recent call last):
  File "app.py", line 296, in <module>
    start = input('ì˜¨ë¼ì¸ì€ y / ì˜¤í”„ë¼ì¸ì€ ì•„ë¬´í‚¤ë‚˜ : ')
OSError: [Errno 9] Bad file descriptor
Matplotlib created a temporary config/cache directory at /tmp/matplotlib-mxktmvqt because the default path (/home/ubuntu/.config/matplotlib) is not a writable directory; it is highly recommended to set the MPLCONFIGDIR environment variable to a writable directory, in particular to speed up the import of Matplotlib and to better support multiprocessing.
ì˜¨ë¼ì¸ì€ y / ì˜¤í”„ë¼ì¸ì€ ì•„ë¬´í‚¤ë‚˜ : Traceback (most recent call last):
  File "app.py", line 296, in <module>
    start = input('ì˜¨ë¼ì¸ì€ y / ì˜¤í”„ë¼ì¸ì€ ì•„ë¬´í‚¤ë‚˜ : ')
OSError: [Errno 9] Bad file descriptor
Matplotlib created a temporary config/cache directory at /tmp/matplotlib-gx5_8ewm because the default path (/home/ubuntu/.config/matplotlib) is not a writable directory; it is highly recommended to set the MPLCONFIGDIR environment variable to a writable directory, in particular to speed up the import of Matplotlib and to better support multiprocessing.
ì˜¨ë¼ì¸ì€ y / ì˜¤í”„ë¼ì¸ì€ ì•„ë¬´í‚¤ë‚˜ : Traceback (most recent call last):
  File "app.py", line 296, in <module>
    start = input('ì˜¨ë¼ì¸ì€ y / ì˜¤í”„ë¼ì¸ì€ ì•„ë¬´í‚¤ë‚˜ : ')
OSError: [Errno 9] Bad file descriptor
Matplotlib created a temporary config/cache directory at /tmp/matplotlib-w_ldn1_e because the default path (/home/ubuntu/.config/matplotlib) is not a writable directory; it is highly recommended to set the MPLCONFIGDIR environment variable to a writable directory, in particular to speed up the import of Matplotlib and to better support multiprocessing.
 * Serving Flask app "app" (lazy loading)
 * Environment: production
   WARNING: This is a development server. Do not use it in a production deployment.
   Use a production WSGI server instead.
 * Debug mode: off
Traceback (most recent call last):
  File "app.py", line 303, in <module>
    app.run(host='0.0.0.0', port=80, debug=False)
  File "/home/ubuntu/.local/lib/python3.6/site-packages/flask/app.py", line 990, in run
    run_simple(host, port, self, **options)
  File "/home/ubuntu/.local/lib/python3.6/site-packages/werkzeug/serving.py", line 1052, in run_simple
    inner()
  File "/home/ubuntu/.local/lib/python3.6/site-packages/werkzeug/serving.py", line 1005, in inner
    fd=fd,
  File "/home/ubuntu/.local/lib/python3.6/site-packages/werkzeug/serving.py", line 848, in make_server
    host, port, app, request_handler, passthrough_errors, ssl_context, fd=fd
  File "/home/ubuntu/.local/lib/python3.6/site-packages/werkzeug/serving.py", line 740, in __init__
    HTTPServer.__init__(self, server_address, handler)
  File "/usr/lib/python3.6/socketserver.py", line 456, in __init__
    self.server_bind()
  File "/usr/lib/python3.6/http/server.py", line 136, in server_bind
    socketserver.TCPServer.server_bind(self)
  File "/usr/lib/python3.6/socketserver.py", line 470, in server_bind
    self.socket.bind(self.server_address)
PermissionError: [Errno 13] Permission denied
 * Serving Flask app "app" (lazy loading)
 * Environment: production
   WARNING: This is a development server. Do not use it in a production deployment.
   Use a production WSGI server instead.
 * Debug mode: off
 * Running on http://0.0.0.0:80/ (Press CTRL+C to quit)
220.124.206.245 - - [03/Sep/2020 10:07:12] "[37mGET /index HTTP/1.1[0m" 200 -
220.124.206.245 - - [03/Sep/2020 10:07:13] "[37mGET /img/favicon.ico HTTP/1.1[0m" 200 -
220.124.206.245 - - [03/Sep/2020 10:07:18] "[37mGET /index HTTP/1.1[0m" 200 -
220.124.206.245 - - [03/Sep/2020 10:07:18] "[37mGET /img/favicon.ico HTTP/1.1[0m" 200 -
220.124.206.245 - - [03/Sep/2020 10:07:23] "[37mGET /deepleaning HTTP/1.1[0m" 200 -
220.124.206.245 - - [03/Sep/2020 10:07:24] "[37mGET /img/favicon.ico HTTP/1.1[0m" 200 -
220.124.206.245 - - [03/Sep/2020 10:07:25] "[37mGET /catdog HTTP/1.1[0m" 200 -
220.124.206.245 - - [03/Sep/2020 10:07:25] "[37mGET /img/favicon.ico HTTP/1.1[0m" 200 -
Using TensorFlow backend.
/home/ubuntu/.local/lib/python3.6/site-packages/tensorflow/python/framework/dtypes.py:516: FutureWarning: Passing (type, 1) or '1type' as a synonym of type is deprecated; in a future version of numpy, it will be understood as (type, (1,)) / '(1,)type'.
  _np_qint8 = np.dtype([("qint8", np.int8, 1)])
/home/ubuntu/.local/lib/python3.6/site-packages/tensorflow/python/framework/dtypes.py:517: FutureWarning: Passing (type, 1) or '1type' as a synonym of type is deprecated; in a future version of numpy, it will be understood as (type, (1,)) / '(1,)type'.
  _np_quint8 = np.dtype([("quint8", np.uint8, 1)])
/home/ubuntu/.local/lib/python3.6/site-packages/tensorflow/python/framework/dtypes.py:518: FutureWarning: Passing (type, 1) or '1type' as a synonym of type is deprecated; in a future version of numpy, it will be understood as (type, (1,)) / '(1,)type'.
  _np_qint16 = np.dtype([("qint16", np.int16, 1)])
/home/ubuntu/.local/lib/python3.6/site-packages/tensorflow/python/framework/dtypes.py:519: FutureWarning: Passing (type, 1) or '1type' as a synonym of type is deprecated; in a future version of numpy, it will be understood as (type, (1,)) / '(1,)type'.
  _np_quint16 = np.dtype([("quint16", np.uint16, 1)])
/home/ubuntu/.local/lib/python3.6/site-packages/tensorflow/python/framework/dtypes.py:520: FutureWarning: Passing (type, 1) or '1type' as a synonym of type is deprecated; in a future version of numpy, it will be understood as (type, (1,)) / '(1,)type'.
  _np_qint32 = np.dtype([("qint32", np.int32, 1)])
/home/ubuntu/.local/lib/python3.6/site-packages/tensorflow/python/framework/dtypes.py:525: FutureWarning: Passing (type, 1) or '1type' as a synonym of type is deprecated; in a future version of numpy, it will be understood as (type, (1,)) / '(1,)type'.
  np_resource = np.dtype([("resource", np.ubyte, 1)])
/home/ubuntu/.local/lib/python3.6/site-packages/tensorboard/compat/tensorflow_stub/dtypes.py:541: FutureWarning: Passing (type, 1) or '1type' as a synonym of type is deprecated; in a future version of numpy, it will be understood as (type, (1,)) / '(1,)type'.
  _np_qint8 = np.dtype([("qint8", np.int8, 1)])
/home/ubuntu/.local/lib/python3.6/site-packages/tensorboard/compat/tensorflow_stub/dtypes.py:542: FutureWarning: Passing (type, 1) or '1type' as a synonym of type is deprecated; in a future version of numpy, it will be understood as (type, (1,)) / '(1,)type'.
  _np_quint8 = np.dtype([("quint8", np.uint8, 1)])
/home/ubuntu/.local/lib/python3.6/site-packages/tensorboard/compat/tensorflow_stub/dtypes.py:543: FutureWarning: Passing (type, 1) or '1type' as a synonym of type is deprecated; in a future version of numpy, it will be understood as (type, (1,)) / '(1,)type'.
  _np_qint16 = np.dtype([("qint16", np.int16, 1)])
/home/ubuntu/.local/lib/python3.6/site-packages/tensorboard/compat/tensorflow_stub/dtypes.py:544: FutureWarning: Passing (type, 1) or '1type' as a synonym of type is deprecated; in a future version of numpy, it will be understood as (type, (1,)) / '(1,)type'.
  _np_quint16 = np.dtype([("quint16", np.uint16, 1)])
/home/ubuntu/.local/lib/python3.6/site-packages/tensorboard/compat/tensorflow_stub/dtypes.py:545: FutureWarning: Passing (type, 1) or '1type' as a synonym of type is deprecated; in a future version of numpy, it will be understood as (type, (1,)) / '(1,)type'.
  _np_qint32 = np.dtype([("qint32", np.int32, 1)])
/home/ubuntu/.local/lib/python3.6/site-packages/tensorboard/compat/tensorflow_stub/dtypes.py:550: FutureWarning: Passing (type, 1) or '1type' as a synonym of type is deprecated; in a future version of numpy, it will be understood as (type, (1,)) / '(1,)type'.
  np_resource = np.dtype([("resource", np.ubyte, 1)])
WARNING:tensorflow:From /usr/local/lib/python3.6/dist-packages/keras/backend/tensorflow_backend.py:4070: The name tf.nn.max_pool is deprecated. Please use tf.nn.max_pool2d instead.

2020-09-03 10:07:34.422415: I tensorflow/core/platform/cpu_feature_guard.cc:142] Your CPU supports instructions that this TensorFlow binary was not compiled to use: AVX2 FMA
2020-09-03 10:07:34.471447: I tensorflow/core/platform/profile_utils/cpu_utils.cc:94] CPU Frequency: 2300080000 Hz
2020-09-03 10:07:34.472788: I tensorflow/compiler/xla/service/service.cc:168] XLA service 0x7f3b1e3f8a40 executing computations on platform Host. Devices:
2020-09-03 10:07:34.472811: I tensorflow/compiler/xla/service/service.cc:175]   StreamExecutor device (0): <undefined>, <undefined>
2020-09-03 10:07:34.546482: W tensorflow/compiler/jit/mark_for_compilation_pass.cc:1412] (One-time warning): Not using XLA:CPU for cluster because envvar TF_XLA_FLAGS=--tf_xla_cpu_global_jit was not set.  If you want XLA:CPU, either set that envvar, or use experimental_jit_scope to enable XLA:CPU.  To confirm that XLA is active, pass --vmodule=xla_compilation_cache=1 (as a proper command-line flag, not via TF_XLA_FLAGS) or set the envvar XLA_FLAGS=--xla_hlo_profile.
WARNING:tensorflow:From /home/ubuntu/.local/lib/python3.6/site-packages/tensorflow/python/ops/nn_impl.py:180: add_dispatch_support.<locals>.wrapper (from tensorflow.python.ops.array_ops) is deprecated and will be removed in a future version.
Instructions for updating:
Use tf.where in 2.0, which has the same broadcast rule as np.where
WARNING:tensorflow:From /usr/local/lib/python3.6/dist-packages/keras/backend/tensorflow_backend.py:422: The name tf.global_variables is deprecated. Please use tf.compat.v1.global_variables instead.

220.124.206.245 - - [03/Sep/2020 10:07:35] "[37mPOST /catdog2 HTTP/1.1[0m" 200 -
220.124.206.245 - - [03/Sep/2020 10:07:35] "[37mGET /img/favicon.ico HTTP/1.1[0m" 200 -
220.124.206.245 - - [03/Sep/2020 10:07:38] "[37mGET /index HTTP/1.1[0m" 200 -
220.124.206.245 - - [03/Sep/2020 10:07:38] "[37mGET /img/favicon.ico HTTP/1.1[0m" 200 -
175.223.35.245 - - [03/Sep/2020 10:08:15] "[37mGET /crawl HTTP/1.1[0m" 200 -
175.223.35.245 - - [03/Sep/2020 10:08:15] "[37mGET /img/favicon.ico HTTP/1.1[0m" 200 -
System platform : Linux
daum ì´ë¯¸ì§€ ê²½ë¡œ í™•ì¸ ì™„ë£Œ
daum í…ìŠ¤íŠ¸ ê²½ë¡œ í™•ì¸ ì™„ë£Œ
Daum ì ‘ì† ì¤‘
ë‹¤ìŒ í…ìŠ¤íŠ¸ ì €ì¥ì™„ë£Œ!
/home/ubuntu/.local/lib/python3.6/site-packages/konlpy/tag/_okt.py:16: UserWarning: "Twitter" has changed to "Okt" since KoNLPy v0.4.5.
  warn('"Twitter" has changed to "Okt" since KoNLPy v0.4.5.')
í˜•íƒœì†Œ ì‚¬ì „ ì—…ë¡œë“œ ì™„ë£Œ!!
nltk ì™„ë£Œ
wordcloud ì‹¤í–‰
wordcloud ì‹¤í–‰!!!
/home/ubuntu/flask/Crawling.py:473: MatplotlibDeprecationWarning: savefig() got unexpected keyword argument "bbox_inces" which is no longer supported as of 3.3 and will become an error two minor releases later
  plt.savefig(save_path+"/daum_{}.png".format(self.date), bbox_inces='tight', dpi=400, pad_inches=0)
naver ì´ë¯¸ì§€ ê²½ë¡œ í™•ì¸ ì™„ë£Œ
naver í…ìŠ¤íŠ¸ ê²½ë¡œ í™•ì¸ ì™„ë£Œ
Naver ì ‘ì†ì¤‘
/home/ubuntu/.local/lib/python3.6/site-packages/konlpy/tag/_okt.py:16: UserWarning: "Twitter" has changed to "Okt" since KoNLPy v0.4.5.
  warn('"Twitter" has changed to "Okt" since KoNLPy v0.4.5.')
/home/ubuntu/flask/Crawling.py:378: MatplotlibDeprecationWarning: savefig() got unexpected keyword argument "bbox_inces" which is no longer supported as of 3.3 and will become an error two minor releases later
  plt.savefig(save_path + "/naver_{}.png".format(self.date), bbox_inces='tight', dpi=400, pad_inches=0)
175.223.35.245 - - [03/Sep/2020 10:09:08] "[37mPOST /crawl HTTP/1.1[0m" 200 -
175.223.35.245 - - [03/Sep/2020 10:09:09] "[37mGET /img/favicon.ico HTTP/1.1[0m" 200 -
220.124.206.245 - - [03/Sep/2020 10:09:15] "[37mGET /issue HTTP/1.1[0m" 200 -
220.124.206.245 - - [03/Sep/2020 10:09:15] "[37mGET /img/favicon.ico HTTP/1.1[0m" 200 -
220.124.206.245 - - [03/Sep/2020 10:09:17] "[37mGET /Naver HTTP/1.1[0m" 200 -
220.124.206.245 - - [03/Sep/2020 10:09:17] "[37mGET /img/favicon.ico HTTP/1.1[0m" 200 -
220.124.206.245 - - [03/Sep/2020 10:09:26] "[37mGET /issue HTTP/1.1[0m" 200 -
220.124.206.245 - - [03/Sep/2020 10:09:26] "[37mGET /img/favicon.ico HTTP/1.1[0m" 200 -
220.124.206.245 - - [03/Sep/2020 10:09:28] "[37mGET /Daum HTTP/1.1[0m" 200 -
220.124.206.245 - - [03/Sep/2020 10:09:28] "[37mGET /img/favicon.ico HTTP/1.1[0m" 200 -
